[main] DEBUG org.springframework.context.support.ClassPathXmlApplicationContext  - Refreshing org.springframework.context.support.ClassPathXmlApplicationContext@3ecd23d9
[main] DEBUG org.springframework.beans.factory.xml.XmlBeanDefinitionReader  - Loaded 1 bean definitions from class path resource [context.xml]
[main] DEBUG org.springframework.beans.factory.support.DefaultListableBeanFactory  - Creating shared instance of singleton bean 'someBean'
[main] DEBUG org.springframework.context.support.ClassPathXmlApplicationContext  - Refreshing org.springframework.context.support.ClassPathXmlApplicationContext@3ecd23d9
[main] DEBUG org.springframework.beans.factory.xml.XmlBeanDefinitionReader  - Loaded 1 bean definitions from class path resource [context.xml]
[main] DEBUG org.springframework.beans.factory.support.DefaultListableBeanFactory  - Creating shared instance of singleton bean 'someBean'
[main] DEBUG org.springframework.context.support.ClassPathXmlApplicationContext  - Refreshing org.springframework.context.support.ClassPathXmlApplicationContext@3ecd23d9
[main] DEBUG org.springframework.beans.factory.xml.XmlBeanDefinitionReader  - Loaded 1 bean definitions from class path resource [context.xml]
[main] DEBUG org.springframework.beans.factory.support.DefaultListableBeanFactory  - Creating shared instance of singleton bean 'someBean'
[main] DEBUG org.springframework.context.support.ClassPathXmlApplicationContext  - Refreshing org.springframework.context.support.ClassPathXmlApplicationContext@3ecd23d9
[main] DEBUG org.springframework.beans.factory.xml.XmlBeanDefinitionReader  - Loaded 1 bean definitions from class path resource [context.xml]
[main] DEBUG org.springframework.beans.factory.support.DefaultListableBeanFactory  - Creating shared instance of singleton bean 'customerRepository'
[main] DEBUG org.springframework.context.support.ClassPathXmlApplicationContext  - Refreshing org.springframework.context.support.ClassPathXmlApplicationContext@3ecd23d9
[main] DEBUG org.springframework.context.support.ClassPathXmlApplicationContext  - Refreshing org.springframework.context.support.ClassPathXmlApplicationContext@3ecd23d9
[main] DEBUG org.springframework.beans.factory.xml.XmlBeanDefinitionReader  - Loaded 4 bean definitions from class path resource [context.xml]
[main] DEBUG org.springframework.beans.factory.support.DefaultListableBeanFactory  - Creating shared instance of singleton bean 'org.springframework.aop.config.internalAutoProxyCreator'
[main] DEBUG org.springframework.beans.factory.support.DefaultListableBeanFactory  - Creating shared instance of singleton bean 'customerRepository'
[main] DEBUG org.springframework.beans.factory.support.DefaultListableBeanFactory  - Creating shared instance of singleton bean 'org.springframework.aop.aspectj.AspectJPointcutAdvisor#0'
[main] DEBUG org.springframework.beans.factory.support.DefaultListableBeanFactory  - Creating shared instance of singleton bean 'loggingAspect'
[main] INFO  pl.oremczuk.aop.LoggingAspect  - Method executing
[main] DEBUG org.springframework.context.support.ClassPathXmlApplicationContext  - Refreshing org.springframework.context.support.ClassPathXmlApplicationContext@3ecd23d9
[main] DEBUG org.springframework.beans.factory.xml.XmlBeanDefinitionReader  - Loaded 4 bean definitions from class path resource [context.xml]
[main] DEBUG org.springframework.beans.factory.support.DefaultListableBeanFactory  - Creating shared instance of singleton bean 'org.springframework.aop.config.internalAutoProxyCreator'
[main] DEBUG org.springframework.beans.factory.support.DefaultListableBeanFactory  - Creating shared instance of singleton bean 'customerRepository'
[main] DEBUG org.springframework.beans.factory.support.DefaultListableBeanFactory  - Creating shared instance of singleton bean 'org.springframework.aop.aspectj.AspectJPointcutAdvisor#0'
[main] DEBUG org.springframework.beans.factory.support.DefaultListableBeanFactory  - Creating shared instance of singleton bean 'loggingAspect'
[main] INFO  pl.oremczuk.aop.LoggingAspect  - Method executing
[main] DEBUG org.springframework.context.support.ClassPathXmlApplicationContext  - Refreshing org.springframework.context.support.ClassPathXmlApplicationContext@3ecd23d9
[main] DEBUG org.springframework.beans.factory.xml.XmlBeanDefinitionReader  - Loaded 4 bean definitions from class path resource [context.xml]
[main] DEBUG org.springframework.beans.factory.support.DefaultListableBeanFactory  - Creating shared instance of singleton bean 'org.springframework.aop.config.internalAutoProxyCreator'
[main] DEBUG org.springframework.beans.factory.support.DefaultListableBeanFactory  - Creating shared instance of singleton bean 'customerRepository'
[main] DEBUG org.springframework.beans.factory.support.DefaultListableBeanFactory  - Creating shared instance of singleton bean 'org.springframework.aop.aspectj.AspectJPointcutAdvisor#0'
[main] DEBUG org.springframework.beans.factory.support.DefaultListableBeanFactory  - Creating shared instance of singleton bean 'loggingAspect'
[main] INFO  pl.oremczuk.aop.LoggingAspect  - Method executing
[main] DEBUG org.springframework.context.support.ClassPathXmlApplicationContext  - Refreshing org.springframework.context.support.ClassPathXmlApplicationContext@ec756bd
[main] DEBUG org.springframework.beans.factory.xml.XmlBeanDefinitionReader  - Loaded 4 bean definitions from class path resource [context.xml]
[main] DEBUG org.springframework.beans.factory.support.DefaultListableBeanFactory  - Creating shared instance of singleton bean 'org.springframework.aop.config.internalAutoProxyCreator'
[main] DEBUG org.springframework.beans.factory.support.DefaultListableBeanFactory  - Creating shared instance of singleton bean 'customerRepository'
[main] DEBUG org.springframework.beans.factory.support.DefaultListableBeanFactory  - Creating shared instance of singleton bean 'org.springframework.aop.aspectj.AspectJPointcutAdvisor#0'
[main] DEBUG org.springframework.beans.factory.support.DefaultListableBeanFactory  - Creating shared instance of singleton bean 'loggingAspect'
[main] INFO  pl.oremczuk.aop.LoggingAspect  - Method executing
[main] DEBUG org.springframework.context.support.ClassPathXmlApplicationContext  - Refreshing org.springframework.context.support.ClassPathXmlApplicationContext@7692d9cc
[main] DEBUG org.springframework.beans.factory.xml.XmlBeanDefinitionReader  - Loaded 4 bean definitions from class path resource [context.xml]
[main] DEBUG org.springframework.beans.factory.support.DefaultListableBeanFactory  - Creating shared instance of singleton bean 'org.springframework.aop.config.internalAutoProxyCreator'
[main] DEBUG org.springframework.beans.factory.support.DefaultListableBeanFactory  - Creating shared instance of singleton bean 'customerRepository'
[main] DEBUG org.springframework.beans.factory.support.DefaultListableBeanFactory  - Creating shared instance of singleton bean 'org.springframework.aop.aspectj.AspectJPointcutAdvisor#0'
[main] DEBUG org.springframework.beans.factory.support.DefaultListableBeanFactory  - Creating shared instance of singleton bean 'loggingAspect'
[main] INFO  pl.oremczuk.aop.LoggingAspect  - Method executing
[main] DEBUG org.springframework.context.support.ClassPathXmlApplicationContext  - Refreshing org.springframework.context.support.ClassPathXmlApplicationContext@3ecd23d9
[main] DEBUG org.springframework.beans.factory.xml.XmlBeanDefinitionReader  - Loaded 4 bean definitions from class path resource [context.xml]
[main] DEBUG org.springframework.beans.factory.support.DefaultListableBeanFactory  - Creating shared instance of singleton bean 'org.springframework.aop.config.internalAutoProxyCreator'
[main] DEBUG org.springframework.beans.factory.support.DefaultListableBeanFactory  - Creating shared instance of singleton bean 'customerRepository'
[main] DEBUG org.springframework.beans.factory.support.DefaultListableBeanFactory  - Creating shared instance of singleton bean 'org.springframework.aop.aspectj.AspectJPointcutAdvisor#0'
[main] DEBUG org.springframework.beans.factory.support.DefaultListableBeanFactory  - Creating shared instance of singleton bean 'loggingAspect'
[main] INFO  pl.oremczuk.aop.LoggingAspect  - Method executing
[main] DEBUG org.springframework.context.support.ClassPathXmlApplicationContext  - Refreshing org.springframework.context.support.ClassPathXmlApplicationContext@3ecd23d9
[main] DEBUG org.springframework.beans.factory.xml.XmlBeanDefinitionReader  - Loaded 4 bean definitions from class path resource [context.xml]
[main] DEBUG org.springframework.beans.factory.support.DefaultListableBeanFactory  - Creating shared instance of singleton bean 'org.springframework.aop.config.internalAutoProxyCreator'
[main] DEBUG org.springframework.beans.factory.support.DefaultListableBeanFactory  - Creating shared instance of singleton bean 'customerRepository'
[main] DEBUG org.springframework.beans.factory.support.DefaultListableBeanFactory  - Creating shared instance of singleton bean 'org.springframework.aop.aspectj.AspectJPointcutAdvisor#0'
[main] DEBUG org.springframework.beans.factory.support.DefaultListableBeanFactory  - Creating shared instance of singleton bean 'loggingAspect'
[main] INFO  pl.oremczuk.aop.LoggingAspect  - Method executing
[main] DEBUG org.springframework.context.support.ClassPathXmlApplicationContext  - Refreshing org.springframework.context.support.ClassPathXmlApplicationContext@3ecd23d9
[main] DEBUG org.springframework.beans.factory.xml.XmlBeanDefinitionReader  - Loaded 4 bean definitions from class path resource [context.xml]
[main] DEBUG org.springframework.beans.factory.support.DefaultListableBeanFactory  - Creating shared instance of singleton bean 'org.springframework.aop.config.internalAutoProxyCreator'
[main] DEBUG org.springframework.beans.factory.support.DefaultListableBeanFactory  - Creating shared instance of singleton bean 'customerRepository'
[main] DEBUG org.springframework.beans.factory.support.DefaultListableBeanFactory  - Creating shared instance of singleton bean 'org.springframework.aop.aspectj.AspectJPointcutAdvisor#0'
[main] DEBUG org.springframework.beans.factory.support.DefaultListableBeanFactory  - Creating shared instance of singleton bean 'loggingAspect'
[main] INFO  pl.oremczuk.aop.LoggingAspect  - Method executing
[main] DEBUG org.springframework.context.support.ClassPathXmlApplicationContext  - Refreshing org.springframework.context.support.ClassPathXmlApplicationContext@3ecd23d9
[main] DEBUG org.springframework.beans.factory.xml.XmlBeanDefinitionReader  - Loaded 4 bean definitions from class path resource [context.xml]
[main] DEBUG org.springframework.beans.factory.support.DefaultListableBeanFactory  - Creating shared instance of singleton bean 'org.springframework.aop.config.internalAutoProxyCreator'
[main] DEBUG org.springframework.beans.factory.support.DefaultListableBeanFactory  - Creating shared instance of singleton bean 'customerRepository'
[main] DEBUG org.springframework.beans.factory.support.DefaultListableBeanFactory  - Creating shared instance of singleton bean 'org.springframework.aop.aspectj.AspectJPointcutAdvisor#0'
[main] DEBUG org.springframework.beans.factory.support.DefaultListableBeanFactory  - Creating shared instance of singleton bean 'loggingAspect'
[main] INFO  pl.oremczuk.aop.LoggingAspect  - Method executing
[main] DEBUG org.springframework.context.support.ClassPathXmlApplicationContext  - Refreshing org.springframework.context.support.ClassPathXmlApplicationContext@3ecd23d9
[main] DEBUG org.springframework.beans.factory.xml.XmlBeanDefinitionReader  - Loaded 4 bean definitions from class path resource [context.xml]
[main] DEBUG org.springframework.beans.factory.support.DefaultListableBeanFactory  - Creating shared instance of singleton bean 'org.springframework.aop.config.internalAutoProxyCreator'
[main] DEBUG org.springframework.beans.factory.support.DefaultListableBeanFactory  - Creating shared instance of singleton bean 'someBean'
[main] DEBUG org.springframework.beans.factory.support.DefaultListableBeanFactory  - Creating shared instance of singleton bean 'org.springframework.aop.aspectj.AspectJPointcutAdvisor#0'
[main] DEBUG org.springframework.beans.factory.support.DefaultListableBeanFactory  - Creating shared instance of singleton bean 'loggingAspect'
[main] DEBUG org.springframework.context.support.ClassPathXmlApplicationContext  - Refreshing org.springframework.context.support.ClassPathXmlApplicationContext@3ecd23d9
[main] DEBUG org.springframework.beans.factory.xml.XmlBeanDefinitionReader  - Loaded 4 bean definitions from class path resource [context.xml]
[main] DEBUG org.springframework.beans.factory.support.DefaultListableBeanFactory  - Creating shared instance of singleton bean 'org.springframework.aop.config.internalAutoProxyCreator'
[main] DEBUG org.springframework.beans.factory.support.DefaultListableBeanFactory  - Creating shared instance of singleton bean 'someBean'
[main] DEBUG org.springframework.beans.factory.support.DefaultListableBeanFactory  - Creating shared instance of singleton bean 'org.springframework.aop.aspectj.AspectJPointcutAdvisor#0'
[main] DEBUG org.springframework.beans.factory.support.DefaultListableBeanFactory  - Creating shared instance of singleton bean 'loggingAspect'
[main] DEBUG org.springframework.context.support.ClassPathXmlApplicationContext  - Refreshing org.springframework.context.support.ClassPathXmlApplicationContext@3ecd23d9
[main] DEBUG org.springframework.beans.factory.xml.XmlBeanDefinitionReader  - Loaded 4 bean definitions from class path resource [context.xml]
[main] DEBUG org.springframework.beans.factory.support.DefaultListableBeanFactory  - Creating shared instance of singleton bean 'org.springframework.aop.config.internalAutoProxyCreator'
[main] DEBUG org.springframework.beans.factory.support.DefaultListableBeanFactory  - Creating shared instance of singleton bean 'someBean'
[main] DEBUG org.springframework.beans.factory.support.DefaultListableBeanFactory  - Creating shared instance of singleton bean 'org.springframework.aop.aspectj.AspectJPointcutAdvisor#0'
[main] DEBUG org.springframework.beans.factory.support.DefaultListableBeanFactory  - Creating shared instance of singleton bean 'loggingAspect'
[main] DEBUG org.springframework.context.support.ClassPathXmlApplicationContext  - Refreshing org.springframework.context.support.ClassPathXmlApplicationContext@3ecd23d9
[main] DEBUG org.springframework.beans.factory.xml.XmlBeanDefinitionReader  - Loaded 4 bean definitions from class path resource [context.xml]
[main] DEBUG org.springframework.beans.factory.support.DefaultListableBeanFactory  - Creating shared instance of singleton bean 'org.springframework.aop.config.internalAutoProxyCreator'
[main] DEBUG org.springframework.beans.factory.support.DefaultListableBeanFactory  - Creating shared instance of singleton bean 'someBean'
[main] DEBUG org.springframework.beans.factory.support.DefaultListableBeanFactory  - Creating shared instance of singleton bean 'org.springframework.aop.aspectj.AspectJPointcutAdvisor#0'
[main] WARN  org.springframework.context.support.ClassPathXmlApplicationContext  - Exception encountered during context initialization - cancelling refresh attempt: org.springframework.beans.factory.BeanCreationException: Error creating bean with name 'someBean' defined in class path resource [context.xml]: BeanPostProcessor before instantiation of bean failed; nested exception is org.springframework.beans.factory.BeanCreationException: Error creating bean with name 'org.springframework.aop.aspectj.AspectJPointcutAdvisor#0': Bean instantiation via constructor failed; nested exception is org.springframework.beans.BeanInstantiationException: Failed to instantiate [org.springframework.aop.aspectj.AspectJPointcutAdvisor]: Constructor threw exception; nested exception is java.lang.IllegalArgumentException: warning no match for this type name: pl.oremczuk.aop [Xlint:invalidAbsoluteTypeName]
[main] DEBUG org.springframework.context.support.ClassPathXmlApplicationContext  - Refreshing org.springframework.context.support.ClassPathXmlApplicationContext@3dfc5fb8
[main] DEBUG org.springframework.beans.factory.xml.XmlBeanDefinitionReader  - Loaded 4 bean definitions from class path resource [context.xml]
[main] DEBUG org.springframework.beans.factory.support.DefaultListableBeanFactory  - Creating shared instance of singleton bean 'org.springframework.aop.config.internalAutoProxyCreator'
[main] DEBUG org.springframework.beans.factory.support.DefaultListableBeanFactory  - Creating shared instance of singleton bean 'someBean'
[main] DEBUG org.springframework.beans.factory.support.DefaultListableBeanFactory  - Creating shared instance of singleton bean 'org.springframework.aop.aspectj.AspectJPointcutAdvisor#0'
[main] DEBUG org.springframework.beans.factory.support.DefaultListableBeanFactory  - Creating shared instance of singleton bean 'loggingAspect'
[main] DEBUG org.springframework.context.support.ClassPathXmlApplicationContext  - Refreshing org.springframework.context.support.ClassPathXmlApplicationContext@3ecd23d9
[main] DEBUG org.springframework.beans.factory.xml.XmlBeanDefinitionReader  - Loaded 4 bean definitions from class path resource [context.xml]
[main] DEBUG org.springframework.beans.factory.support.DefaultListableBeanFactory  - Creating shared instance of singleton bean 'org.springframework.aop.config.internalAutoProxyCreator'
[main] DEBUG org.springframework.beans.factory.support.DefaultListableBeanFactory  - Creating shared instance of singleton bean 'someBean'
[main] DEBUG org.springframework.beans.factory.support.DefaultListableBeanFactory  - Creating shared instance of singleton bean 'org.springframework.aop.aspectj.AspectJPointcutAdvisor#0'
[main] DEBUG org.springframework.beans.factory.support.DefaultListableBeanFactory  - Creating shared instance of singleton bean 'loggingAspect'
[main] DEBUG org.springframework.context.support.ClassPathXmlApplicationContext  - Refreshing org.springframework.context.support.ClassPathXmlApplicationContext@3ecd23d9
[main] DEBUG org.springframework.beans.factory.xml.XmlBeanDefinitionReader  - Loaded 4 bean definitions from class path resource [context.xml]
[main] DEBUG org.springframework.beans.factory.support.DefaultListableBeanFactory  - Creating shared instance of singleton bean 'org.springframework.aop.config.internalAutoProxyCreator'
[main] DEBUG org.springframework.beans.factory.support.DefaultListableBeanFactory  - Creating shared instance of singleton bean 'someBean'
[main] DEBUG org.springframework.beans.factory.support.DefaultListableBeanFactory  - Creating shared instance of singleton bean 'org.springframework.aop.aspectj.AspectJPointcutAdvisor#0'
[main] DEBUG org.springframework.beans.factory.support.DefaultListableBeanFactory  - Creating shared instance of singleton bean 'loggingAspect'
[main] DEBUG org.springframework.context.support.ClassPathXmlApplicationContext  - Refreshing org.springframework.context.support.ClassPathXmlApplicationContext@3ecd23d9
[main] DEBUG org.springframework.beans.factory.xml.XmlBeanDefinitionReader  - Loaded 4 bean definitions from class path resource [context.xml]
[main] DEBUG org.springframework.beans.factory.support.DefaultListableBeanFactory  - Creating shared instance of singleton bean 'org.springframework.aop.config.internalAutoProxyCreator'
[main] DEBUG org.springframework.beans.factory.support.DefaultListableBeanFactory  - Creating shared instance of singleton bean 'someBean'
[main] DEBUG org.springframework.beans.factory.support.DefaultListableBeanFactory  - Creating shared instance of singleton bean 'org.springframework.aop.aspectj.AspectJPointcutAdvisor#0'
[main] DEBUG org.springframework.beans.factory.support.DefaultListableBeanFactory  - Creating shared instance of singleton bean 'loggingAspect'
[main] DEBUG org.springframework.context.support.ClassPathXmlApplicationContext  - Refreshing org.springframework.context.support.ClassPathXmlApplicationContext@3ecd23d9
[main] DEBUG org.springframework.beans.factory.xml.XmlBeanDefinitionReader  - Loaded 4 bean definitions from class path resource [context.xml]
[main] DEBUG org.springframework.beans.factory.support.DefaultListableBeanFactory  - Creating shared instance of singleton bean 'org.springframework.aop.config.internalAutoProxyCreator'
[main] DEBUG org.springframework.beans.factory.support.DefaultListableBeanFactory  - Creating shared instance of singleton bean 'someBean'
[main] DEBUG org.springframework.beans.factory.support.DefaultListableBeanFactory  - Creating shared instance of singleton bean 'org.springframework.aop.aspectj.AspectJPointcutAdvisor#0'
[main] DEBUG org.springframework.beans.factory.support.DefaultListableBeanFactory  - Creating shared instance of singleton bean 'loggingAspect'
