[main] DEBUG org.springframework.context.support.ClassPathXmlApplicationContext  - Refreshing org.springframework.context.support.ClassPathXmlApplicationContext@3ecd23d9
[main] DEBUG org.springframework.beans.factory.xml.XmlBeanDefinitionReader  - Loaded 1 bean definitions from class path resource [context.xml]
[main] DEBUG org.springframework.beans.factory.support.DefaultListableBeanFactory  - Creating shared instance of singleton bean 'someBean'
[main] DEBUG org.springframework.context.support.ClassPathXmlApplicationContext  - Refreshing org.springframework.context.support.ClassPathXmlApplicationContext@3ecd23d9
[main] DEBUG org.springframework.beans.factory.xml.XmlBeanDefinitionReader  - Loaded 1 bean definitions from class path resource [context.xml]
[main] DEBUG org.springframework.beans.factory.support.DefaultListableBeanFactory  - Creating shared instance of singleton bean 'someBean'
[main] DEBUG org.springframework.context.support.ClassPathXmlApplicationContext  - Refreshing org.springframework.context.support.ClassPathXmlApplicationContext@3ecd23d9
[main] DEBUG org.springframework.beans.factory.xml.XmlBeanDefinitionReader  - Loaded 1 bean definitions from class path resource [context.xml]
[main] DEBUG org.springframework.beans.factory.support.DefaultListableBeanFactory  - Creating shared instance of singleton bean 'someBean'
[main] DEBUG org.springframework.context.support.ClassPathXmlApplicationContext  - Refreshing org.springframework.context.support.ClassPathXmlApplicationContext@3ecd23d9
[main] DEBUG org.springframework.beans.factory.xml.XmlBeanDefinitionReader  - Loaded 1 bean definitions from class path resource [context.xml]
[main] DEBUG org.springframework.beans.factory.support.DefaultListableBeanFactory  - Creating shared instance of singleton bean 'customerRepository'
[main] DEBUG org.springframework.context.support.ClassPathXmlApplicationContext  - Refreshing org.springframework.context.support.ClassPathXmlApplicationContext@3ecd23d9
[main] DEBUG org.springframework.context.support.ClassPathXmlApplicationContext  - Refreshing org.springframework.context.support.ClassPathXmlApplicationContext@3ecd23d9
[main] DEBUG org.springframework.beans.factory.xml.XmlBeanDefinitionReader  - Loaded 4 bean definitions from class path resource [context.xml]
[main] DEBUG org.springframework.beans.factory.support.DefaultListableBeanFactory  - Creating shared instance of singleton bean 'org.springframework.aop.config.internalAutoProxyCreator'
[main] DEBUG org.springframework.beans.factory.support.DefaultListableBeanFactory  - Creating shared instance of singleton bean 'customerRepository'
[main] DEBUG org.springframework.beans.factory.support.DefaultListableBeanFactory  - Creating shared instance of singleton bean 'org.springframework.aop.aspectj.AspectJPointcutAdvisor#0'
[main] DEBUG org.springframework.beans.factory.support.DefaultListableBeanFactory  - Creating shared instance of singleton bean 'loggingAspect'
[main] INFO  pl.oremczuk.aop.LoggingAspect  - Method executing
[main] DEBUG org.springframework.context.support.ClassPathXmlApplicationContext  - Refreshing org.springframework.context.support.ClassPathXmlApplicationContext@3ecd23d9
[main] DEBUG org.springframework.beans.factory.xml.XmlBeanDefinitionReader  - Loaded 4 bean definitions from class path resource [context.xml]
[main] DEBUG org.springframework.beans.factory.support.DefaultListableBeanFactory  - Creating shared instance of singleton bean 'org.springframework.aop.config.internalAutoProxyCreator'
[main] DEBUG org.springframework.beans.factory.support.DefaultListableBeanFactory  - Creating shared instance of singleton bean 'customerRepository'
[main] DEBUG org.springframework.beans.factory.support.DefaultListableBeanFactory  - Creating shared instance of singleton bean 'org.springframework.aop.aspectj.AspectJPointcutAdvisor#0'
[main] DEBUG org.springframework.beans.factory.support.DefaultListableBeanFactory  - Creating shared instance of singleton bean 'loggingAspect'
[main] INFO  pl.oremczuk.aop.LoggingAspect  - Method executing
[main] DEBUG org.springframework.context.support.ClassPathXmlApplicationContext  - Refreshing org.springframework.context.support.ClassPathXmlApplicationContext@3ecd23d9
[main] DEBUG org.springframework.beans.factory.xml.XmlBeanDefinitionReader  - Loaded 4 bean definitions from class path resource [context.xml]
[main] DEBUG org.springframework.beans.factory.support.DefaultListableBeanFactory  - Creating shared instance of singleton bean 'org.springframework.aop.config.internalAutoProxyCreator'
[main] DEBUG org.springframework.beans.factory.support.DefaultListableBeanFactory  - Creating shared instance of singleton bean 'customerRepository'
[main] DEBUG org.springframework.beans.factory.support.DefaultListableBeanFactory  - Creating shared instance of singleton bean 'org.springframework.aop.aspectj.AspectJPointcutAdvisor#0'
[main] DEBUG org.springframework.beans.factory.support.DefaultListableBeanFactory  - Creating shared instance of singleton bean 'loggingAspect'
[main] INFO  pl.oremczuk.aop.LoggingAspect  - Method executing
[main] DEBUG org.springframework.context.support.ClassPathXmlApplicationContext  - Refreshing org.springframework.context.support.ClassPathXmlApplicationContext@ec756bd
[main] DEBUG org.springframework.beans.factory.xml.XmlBeanDefinitionReader  - Loaded 4 bean definitions from class path resource [context.xml]
[main] DEBUG org.springframework.beans.factory.support.DefaultListableBeanFactory  - Creating shared instance of singleton bean 'org.springframework.aop.config.internalAutoProxyCreator'
[main] DEBUG org.springframework.beans.factory.support.DefaultListableBeanFactory  - Creating shared instance of singleton bean 'customerRepository'
[main] DEBUG org.springframework.beans.factory.support.DefaultListableBeanFactory  - Creating shared instance of singleton bean 'org.springframework.aop.aspectj.AspectJPointcutAdvisor#0'
[main] DEBUG org.springframework.beans.factory.support.DefaultListableBeanFactory  - Creating shared instance of singleton bean 'loggingAspect'
[main] INFO  pl.oremczuk.aop.LoggingAspect  - Method executing
[main] DEBUG org.springframework.context.support.ClassPathXmlApplicationContext  - Refreshing org.springframework.context.support.ClassPathXmlApplicationContext@7692d9cc
[main] DEBUG org.springframework.beans.factory.xml.XmlBeanDefinitionReader  - Loaded 4 bean definitions from class path resource [context.xml]
[main] DEBUG org.springframework.beans.factory.support.DefaultListableBeanFactory  - Creating shared instance of singleton bean 'org.springframework.aop.config.internalAutoProxyCreator'
[main] DEBUG org.springframework.beans.factory.support.DefaultListableBeanFactory  - Creating shared instance of singleton bean 'customerRepository'
[main] DEBUG org.springframework.beans.factory.support.DefaultListableBeanFactory  - Creating shared instance of singleton bean 'org.springframework.aop.aspectj.AspectJPointcutAdvisor#0'
[main] DEBUG org.springframework.beans.factory.support.DefaultListableBeanFactory  - Creating shared instance of singleton bean 'loggingAspect'
[main] INFO  pl.oremczuk.aop.LoggingAspect  - Method executing
[main] DEBUG org.springframework.context.support.ClassPathXmlApplicationContext  - Refreshing org.springframework.context.support.ClassPathXmlApplicationContext@3ecd23d9
[main] DEBUG org.springframework.beans.factory.xml.XmlBeanDefinitionReader  - Loaded 4 bean definitions from class path resource [context.xml]
[main] DEBUG org.springframework.beans.factory.support.DefaultListableBeanFactory  - Creating shared instance of singleton bean 'org.springframework.aop.config.internalAutoProxyCreator'
[main] DEBUG org.springframework.beans.factory.support.DefaultListableBeanFactory  - Creating shared instance of singleton bean 'customerRepository'
[main] DEBUG org.springframework.beans.factory.support.DefaultListableBeanFactory  - Creating shared instance of singleton bean 'org.springframework.aop.aspectj.AspectJPointcutAdvisor#0'
[main] DEBUG org.springframework.beans.factory.support.DefaultListableBeanFactory  - Creating shared instance of singleton bean 'loggingAspect'
[main] INFO  pl.oremczuk.aop.LoggingAspect  - Method executing
[main] DEBUG org.springframework.context.support.ClassPathXmlApplicationContext  - Refreshing org.springframework.context.support.ClassPathXmlApplicationContext@3ecd23d9
[main] DEBUG org.springframework.beans.factory.xml.XmlBeanDefinitionReader  - Loaded 4 bean definitions from class path resource [context.xml]
[main] DEBUG org.springframework.beans.factory.support.DefaultListableBeanFactory  - Creating shared instance of singleton bean 'org.springframework.aop.config.internalAutoProxyCreator'
[main] DEBUG org.springframework.beans.factory.support.DefaultListableBeanFactory  - Creating shared instance of singleton bean 'customerRepository'
[main] DEBUG org.springframework.beans.factory.support.DefaultListableBeanFactory  - Creating shared instance of singleton bean 'org.springframework.aop.aspectj.AspectJPointcutAdvisor#0'
[main] DEBUG org.springframework.beans.factory.support.DefaultListableBeanFactory  - Creating shared instance of singleton bean 'loggingAspect'
[main] INFO  pl.oremczuk.aop.LoggingAspect  - Method executing
[main] DEBUG org.springframework.context.support.ClassPathXmlApplicationContext  - Refreshing org.springframework.context.support.ClassPathXmlApplicationContext@3ecd23d9
[main] DEBUG org.springframework.beans.factory.xml.XmlBeanDefinitionReader  - Loaded 4 bean definitions from class path resource [context.xml]
[main] DEBUG org.springframework.beans.factory.support.DefaultListableBeanFactory  - Creating shared instance of singleton bean 'org.springframework.aop.config.internalAutoProxyCreator'
[main] DEBUG org.springframework.beans.factory.support.DefaultListableBeanFactory  - Creating shared instance of singleton bean 'customerRepository'
[main] DEBUG org.springframework.beans.factory.support.DefaultListableBeanFactory  - Creating shared instance of singleton bean 'org.springframework.aop.aspectj.AspectJPointcutAdvisor#0'
[main] DEBUG org.springframework.beans.factory.support.DefaultListableBeanFactory  - Creating shared instance of singleton bean 'loggingAspect'
[main] INFO  pl.oremczuk.aop.LoggingAspect  - Method executing
[main] DEBUG org.springframework.context.support.ClassPathXmlApplicationContext  - Refreshing org.springframework.context.support.ClassPathXmlApplicationContext@3ecd23d9
[main] DEBUG org.springframework.beans.factory.xml.XmlBeanDefinitionReader  - Loaded 4 bean definitions from class path resource [context.xml]
[main] DEBUG org.springframework.beans.factory.support.DefaultListableBeanFactory  - Creating shared instance of singleton bean 'org.springframework.aop.config.internalAutoProxyCreator'
[main] DEBUG org.springframework.beans.factory.support.DefaultListableBeanFactory  - Creating shared instance of singleton bean 'customerRepository'
[main] DEBUG org.springframework.beans.factory.support.DefaultListableBeanFactory  - Creating shared instance of singleton bean 'org.springframework.aop.aspectj.AspectJPointcutAdvisor#0'
[main] DEBUG org.springframework.beans.factory.support.DefaultListableBeanFactory  - Creating shared instance of singleton bean 'loggingAspect'
[main] INFO  pl.oremczuk.aop.LoggingAspect  - Method executing
[main] DEBUG org.springframework.context.support.ClassPathXmlApplicationContext  - Refreshing org.springframework.context.support.ClassPathXmlApplicationContext@3ecd23d9
[main] DEBUG org.springframework.beans.factory.xml.XmlBeanDefinitionReader  - Loaded 8 bean definitions from class path resource [context.xml]
[main] DEBUG org.springframework.beans.factory.support.DefaultListableBeanFactory  - Creating shared instance of singleton bean 'org.springframework.aop.config.internalAutoProxyCreator'
[main] DEBUG org.springframework.beans.factory.support.DefaultListableBeanFactory  - Creating shared instance of singleton bean 'customerRepository'
[main] DEBUG org.springframework.beans.factory.support.DefaultListableBeanFactory  - Creating shared instance of singleton bean 'org.springframework.aop.aspectj.AspectJPointcutAdvisor#0'
[main] DEBUG org.springframework.beans.factory.support.DefaultListableBeanFactory  - Creating shared instance of singleton bean 'org.springframework.aop.aspectj.AspectJPointcutAdvisor#1'
[main] DEBUG org.springframework.beans.factory.support.DefaultListableBeanFactory  - Creating shared instance of singleton bean 'org.springframework.aop.aspectj.AspectJPointcutAdvisor#2'
[main] WARN  org.springframework.context.support.ClassPathXmlApplicationContext  - Exception encountered during context initialization - cancelling refresh attempt: org.springframework.beans.factory.BeanCreationException: Error creating bean with name 'customerRepository' defined in class path resource [context.xml]: BeanPostProcessor before instantiation of bean failed; nested exception is org.springframework.beans.factory.BeanCreationException: Error creating bean with name 'org.springframework.aop.aspectj.AspectJPointcutAdvisor#2': Bean instantiation via constructor failed; nested exception is org.springframework.beans.BeanInstantiationException: Failed to instantiate [org.springframework.aop.aspectj.AspectJPointcutAdvisor]: Constructor threw exception; nested exception is java.lang.IllegalArgumentException: error at ::0 formal unbound in pointcut 
[main] DEBUG org.springframework.context.support.ClassPathXmlApplicationContext  - Refreshing org.springframework.context.support.ClassPathXmlApplicationContext@3ecd23d9
[main] DEBUG org.springframework.beans.factory.xml.XmlBeanDefinitionReader  - Loaded 8 bean definitions from class path resource [context.xml]
[main] DEBUG org.springframework.beans.factory.support.DefaultListableBeanFactory  - Creating shared instance of singleton bean 'org.springframework.aop.config.internalAutoProxyCreator'
[main] DEBUG org.springframework.beans.factory.support.DefaultListableBeanFactory  - Creating shared instance of singleton bean 'customerRepository'
[main] DEBUG org.springframework.beans.factory.support.DefaultListableBeanFactory  - Creating shared instance of singleton bean 'org.springframework.aop.aspectj.AspectJPointcutAdvisor#0'
[main] DEBUG org.springframework.beans.factory.support.DefaultListableBeanFactory  - Creating shared instance of singleton bean 'org.springframework.aop.aspectj.AspectJPointcutAdvisor#1'
[main] DEBUG org.springframework.beans.factory.support.DefaultListableBeanFactory  - Creating shared instance of singleton bean 'org.springframework.aop.aspectj.AspectJPointcutAdvisor#2'
[main] DEBUG org.springframework.beans.factory.support.DefaultListableBeanFactory  - Creating shared instance of singleton bean 'loggingAspect'
[main] DEBUG org.springframework.context.support.ClassPathXmlApplicationContext  - Refreshing org.springframework.context.support.ClassPathXmlApplicationContext@3ecd23d9
[main] DEBUG org.springframework.beans.factory.xml.XmlBeanDefinitionReader  - Loaded 8 bean definitions from class path resource [context.xml]
[main] DEBUG org.springframework.beans.factory.support.DefaultListableBeanFactory  - Creating shared instance of singleton bean 'org.springframework.aop.config.internalAutoProxyCreator'
[main] DEBUG org.springframework.beans.factory.support.DefaultListableBeanFactory  - Creating shared instance of singleton bean 'customerRepository'
[main] DEBUG org.springframework.beans.factory.support.DefaultListableBeanFactory  - Creating shared instance of singleton bean 'org.springframework.aop.aspectj.AspectJPointcutAdvisor#0'
[main] DEBUG org.springframework.beans.factory.support.DefaultListableBeanFactory  - Creating shared instance of singleton bean 'org.springframework.aop.aspectj.AspectJPointcutAdvisor#1'
[main] DEBUG org.springframework.beans.factory.support.DefaultListableBeanFactory  - Creating shared instance of singleton bean 'org.springframework.aop.aspectj.AspectJPointcutAdvisor#2'
[main] DEBUG org.springframework.beans.factory.support.DefaultListableBeanFactory  - Creating shared instance of singleton bean 'loggingAspect'
[main] ERROR pl.oremczuk.aop.LoggingAspect  - Exception: Customer cannot be null
[main] DEBUG org.springframework.context.support.ClassPathXmlApplicationContext  - Refreshing org.springframework.context.support.ClassPathXmlApplicationContext@4a87761d
[main] DEBUG org.springframework.beans.factory.xml.XmlBeanDefinitionReader  - Loaded 8 bean definitions from class path resource [context.xml]
[main] DEBUG org.springframework.beans.factory.support.DefaultListableBeanFactory  - Creating shared instance of singleton bean 'org.springframework.aop.config.internalAutoProxyCreator'
[main] DEBUG org.springframework.beans.factory.support.DefaultListableBeanFactory  - Creating shared instance of singleton bean 'customerRepository'
[main] DEBUG org.springframework.beans.factory.support.DefaultListableBeanFactory  - Creating shared instance of singleton bean 'org.springframework.aop.aspectj.AspectJPointcutAdvisor#0'
[main] DEBUG org.springframework.beans.factory.support.DefaultListableBeanFactory  - Creating shared instance of singleton bean 'org.springframework.aop.aspectj.AspectJPointcutAdvisor#1'
[main] DEBUG org.springframework.beans.factory.support.DefaultListableBeanFactory  - Creating shared instance of singleton bean 'org.springframework.aop.aspectj.AspectJPointcutAdvisor#2'
[main] DEBUG org.springframework.beans.factory.support.DefaultListableBeanFactory  - Creating shared instance of singleton bean 'loggingAspect'
[main] ERROR pl.oremczuk.aop.LoggingAspect  - Exception: Customer cannot 3be null
[main] DEBUG org.springframework.context.support.ClassPathXmlApplicationContext  - Refreshing org.springframework.context.support.ClassPathXmlApplicationContext@3ecd23d9
[main] DEBUG org.springframework.beans.factory.xml.XmlBeanDefinitionReader  - Loaded 10 bean definitions from class path resource [context.xml]
[main] DEBUG org.springframework.beans.factory.support.DefaultListableBeanFactory  - Creating shared instance of singleton bean 'org.springframework.aop.config.internalAutoProxyCreator'
[main] DEBUG org.springframework.beans.factory.support.DefaultListableBeanFactory  - Creating shared instance of singleton bean 'customerRepository'
[main] DEBUG org.springframework.beans.factory.support.DefaultListableBeanFactory  - Creating shared instance of singleton bean 'org.springframework.aop.aspectj.AspectJPointcutAdvisor#0'
[main] DEBUG org.springframework.beans.factory.support.DefaultListableBeanFactory  - Creating shared instance of singleton bean 'org.springframework.aop.aspectj.AspectJPointcutAdvisor#1'
[main] DEBUG org.springframework.beans.factory.support.DefaultListableBeanFactory  - Creating shared instance of singleton bean 'org.springframework.aop.aspectj.AspectJPointcutAdvisor#2'
[main] DEBUG org.springframework.beans.factory.support.DefaultListableBeanFactory  - Creating shared instance of singleton bean 'loggingAspect'
[main] DEBUG org.springframework.beans.factory.support.DefaultListableBeanFactory  - Creating shared instance of singleton bean 'customer'
[main] DEBUG org.springframework.beans.factory.support.DefaultListableBeanFactory  - Creating shared instance of singleton bean 'customer2'
[main] DEBUG org.springframework.context.support.ClassPathXmlApplicationContext  - Refreshing org.springframework.context.support.ClassPathXmlApplicationContext@3ecd23d9
[main] DEBUG org.springframework.beans.factory.xml.XmlBeanDefinitionReader  - Loaded 10 bean definitions from class path resource [context.xml]
[main] DEBUG org.springframework.beans.factory.support.DefaultListableBeanFactory  - Creating shared instance of singleton bean 'org.springframework.aop.config.internalAutoProxyCreator'
[main] DEBUG org.springframework.beans.factory.support.DefaultListableBeanFactory  - Creating shared instance of singleton bean 'customerRepository'
[main] DEBUG org.springframework.beans.factory.support.DefaultListableBeanFactory  - Creating shared instance of singleton bean 'org.springframework.aop.aspectj.AspectJPointcutAdvisor#0'
[main] DEBUG org.springframework.beans.factory.support.DefaultListableBeanFactory  - Creating shared instance of singleton bean 'org.springframework.aop.aspectj.AspectJPointcutAdvisor#1'
[main] DEBUG org.springframework.beans.factory.support.DefaultListableBeanFactory  - Creating shared instance of singleton bean 'org.springframework.aop.aspectj.AspectJPointcutAdvisor#2'
[main] DEBUG org.springframework.beans.factory.support.DefaultListableBeanFactory  - Creating shared instance of singleton bean 'loggingAspect'
[main] DEBUG org.springframework.beans.factory.support.DefaultListableBeanFactory  - Creating shared instance of singleton bean 'customer'
[main] DEBUG org.springframework.beans.factory.support.DefaultListableBeanFactory  - Creating shared instance of singleton bean 'customer2'
[main] DEBUG org.springframework.context.support.ClassPathXmlApplicationContext  - Refreshing org.springframework.context.support.ClassPathXmlApplicationContext@3ecd23d9
[main] DEBUG org.springframework.beans.factory.xml.XmlBeanDefinitionReader  - Loaded 10 bean definitions from class path resource [context.xml]
[main] DEBUG org.springframework.beans.factory.support.DefaultListableBeanFactory  - Creating shared instance of singleton bean 'org.springframework.aop.config.internalAutoProxyCreator'
[main] DEBUG org.springframework.beans.factory.support.DefaultListableBeanFactory  - Creating shared instance of singleton bean 'customerRepository'
[main] DEBUG org.springframework.beans.factory.support.DefaultListableBeanFactory  - Creating shared instance of singleton bean 'org.springframework.aop.aspectj.AspectJPointcutAdvisor#0'
[main] DEBUG org.springframework.beans.factory.support.DefaultListableBeanFactory  - Creating shared instance of singleton bean 'org.springframework.aop.aspectj.AspectJPointcutAdvisor#1'
[main] DEBUG org.springframework.beans.factory.support.DefaultListableBeanFactory  - Creating shared instance of singleton bean 'org.springframework.aop.aspectj.AspectJPointcutAdvisor#2'
[main] DEBUG org.springframework.beans.factory.support.DefaultListableBeanFactory  - Creating shared instance of singleton bean 'loggingAspect'
[main] DEBUG org.springframework.beans.factory.support.DefaultListableBeanFactory  - Creating shared instance of singleton bean 'customer'
[main] DEBUG org.springframework.beans.factory.support.DefaultListableBeanFactory  - Creating shared instance of singleton bean 'customer2'
[main] ERROR pl.oremczuk.aop.LoggingAspect  - Exception: Customer cannot be null
[main] DEBUG org.springframework.context.support.ClassPathXmlApplicationContext  - Refreshing org.springframework.context.support.ClassPathXmlApplicationContext@3ecd23d9
[main] DEBUG org.springframework.beans.factory.xml.XmlBeanDefinitionReader  - Loaded 11 bean definitions from class path resource [context.xml]
[main] DEBUG org.springframework.beans.factory.support.DefaultListableBeanFactory  - Creating shared instance of singleton bean 'org.springframework.aop.config.internalAutoProxyCreator'
[main] DEBUG org.springframework.beans.factory.support.DefaultListableBeanFactory  - Creating shared instance of singleton bean 'customerRepository'
[main] DEBUG org.springframework.beans.factory.support.DefaultListableBeanFactory  - Creating shared instance of singleton bean 'org.springframework.aop.aspectj.AspectJPointcutAdvisor#0'
[main] DEBUG org.springframework.beans.factory.support.DefaultListableBeanFactory  - Creating shared instance of singleton bean 'org.springframework.aop.aspectj.AspectJPointcutAdvisor#1'
[main] DEBUG org.springframework.beans.factory.support.DefaultListableBeanFactory  - Creating shared instance of singleton bean 'org.springframework.aop.aspectj.AspectJPointcutAdvisor#2'
[main] DEBUG org.springframework.beans.factory.support.DefaultListableBeanFactory  - Creating shared instance of singleton bean 'org.springframework.aop.aspectj.AspectJPointcutAdvisor#3'
[main] DEBUG org.springframework.beans.factory.support.DefaultListableBeanFactory  - Creating shared instance of singleton bean 'loggingAspect'
[main] DEBUG org.springframework.beans.factory.support.DefaultListableBeanFactory  - Creating shared instance of singleton bean 'customer'
[main] DEBUG org.springframework.beans.factory.support.DefaultListableBeanFactory  - Creating shared instance of singleton bean 'customer2'
[main] INFO  pl.oremczuk.aop.LoggingAspect  - Method has been executed
[main] ERROR pl.oremczuk.aop.LoggingAspect  - Exception: Customer cannot be null
[main] INFO  pl.oremczuk.aop.LoggingAspect  - Method has been executed
[main] DEBUG org.springframework.context.support.ClassPathXmlApplicationContext  - Refreshing org.springframework.context.support.ClassPathXmlApplicationContext@3ecd23d9
[main] DEBUG org.springframework.beans.factory.xml.XmlBeanDefinitionReader  - Loaded 11 bean definitions from class path resource [context.xml]
[main] DEBUG org.springframework.beans.factory.support.DefaultListableBeanFactory  - Creating shared instance of singleton bean 'org.springframework.aop.config.internalAutoProxyCreator'
[main] DEBUG org.springframework.beans.factory.support.DefaultListableBeanFactory  - Creating shared instance of singleton bean 'customerRepository'
[main] DEBUG org.springframework.beans.factory.support.DefaultListableBeanFactory  - Creating shared instance of singleton bean 'org.springframework.aop.aspectj.AspectJPointcutAdvisor#0'
[main] DEBUG org.springframework.beans.factory.support.DefaultListableBeanFactory  - Creating shared instance of singleton bean 'org.springframework.aop.aspectj.AspectJPointcutAdvisor#1'
[main] DEBUG org.springframework.beans.factory.support.DefaultListableBeanFactory  - Creating shared instance of singleton bean 'org.springframework.aop.aspectj.AspectJPointcutAdvisor#2'
[main] DEBUG org.springframework.beans.factory.support.DefaultListableBeanFactory  - Creating shared instance of singleton bean 'org.springframework.aop.aspectj.AspectJPointcutAdvisor#3'
[main] DEBUG org.springframework.beans.factory.support.DefaultListableBeanFactory  - Creating shared instance of singleton bean 'loggingAspect'
[main] DEBUG org.springframework.beans.factory.support.DefaultListableBeanFactory  - Creating shared instance of singleton bean 'customer'
[main] DEBUG org.springframework.beans.factory.support.DefaultListableBeanFactory  - Creating shared instance of singleton bean 'customer2'
[main] INFO  pl.oremczuk.aop.LoggingAspect  - Method has been executed
[main] ERROR pl.oremczuk.aop.LoggingAspect  - Exception: Customer cannot be null
[main] INFO  pl.oremczuk.aop.LoggingAspect  - Method has been executed
[main] DEBUG org.springframework.context.support.ClassPathXmlApplicationContext  - Refreshing org.springframework.context.support.ClassPathXmlApplicationContext@3ecd23d9
[main] DEBUG org.springframework.beans.factory.xml.XmlBeanDefinitionReader  - Loaded 13 bean definitions from class path resource [context.xml]
[main] DEBUG org.springframework.beans.factory.support.DefaultListableBeanFactory  - Creating shared instance of singleton bean 'org.springframework.aop.config.internalAutoProxyCreator'
[main] DEBUG org.springframework.beans.factory.support.DefaultListableBeanFactory  - Creating shared instance of singleton bean 'customerRepository'
[main] DEBUG org.springframework.beans.factory.support.DefaultListableBeanFactory  - Creating shared instance of singleton bean 'org.springframework.aop.aspectj.AspectJPointcutAdvisor#0'
[main] DEBUG org.springframework.beans.factory.support.DefaultListableBeanFactory  - Creating shared instance of singleton bean 'org.springframework.aop.aspectj.AspectJPointcutAdvisor#1'
[main] DEBUG org.springframework.beans.factory.support.DefaultListableBeanFactory  - Creating shared instance of singleton bean 'org.springframework.aop.aspectj.AspectJPointcutAdvisor#2'
[main] DEBUG org.springframework.beans.factory.support.DefaultListableBeanFactory  - Creating shared instance of singleton bean 'org.springframework.aop.aspectj.AspectJPointcutAdvisor#3'
[main] DEBUG org.springframework.beans.factory.support.DefaultListableBeanFactory  - Creating shared instance of singleton bean 'org.springframework.aop.aspectj.AspectJPointcutAdvisor#4'
[main] DEBUG org.springframework.beans.factory.support.DefaultListableBeanFactory  - Creating shared instance of singleton bean 'loggingAspect'
[main] DEBUG org.springframework.beans.factory.support.DefaultListableBeanFactory  - Creating shared instance of singleton bean 'customer'
[main] DEBUG org.springframework.beans.factory.support.DefaultListableBeanFactory  - Creating shared instance of singleton bean 'customer2'
[main] DEBUG org.springframework.beans.factory.support.DefaultListableBeanFactory  - Creating shared instance of singleton bean 'benchmarkAspect'
[main] INFO  pl.oremczuk.aop.LoggingAspect  - Method has been executed
[main] ERROR pl.oremczuk.aop.LoggingAspect  - Exception: Customer cannot be null
[main] INFO  pl.oremczuk.aop.LoggingAspect  - Method has been executed
[main] DEBUG org.springframework.context.support.ClassPathXmlApplicationContext  - Refreshing org.springframework.context.support.ClassPathXmlApplicationContext@3ecd23d9
[main] DEBUG org.springframework.beans.factory.xml.XmlBeanDefinitionReader  - Loaded 13 bean definitions from class path resource [context.xml]
[main] DEBUG org.springframework.beans.factory.support.DefaultListableBeanFactory  - Creating shared instance of singleton bean 'org.springframework.aop.config.internalAutoProxyCreator'
[main] DEBUG org.springframework.beans.factory.support.DefaultListableBeanFactory  - Creating shared instance of singleton bean 'customerRepository'
[main] DEBUG org.springframework.beans.factory.support.DefaultListableBeanFactory  - Creating shared instance of singleton bean 'org.springframework.aop.aspectj.AspectJPointcutAdvisor#0'
[main] DEBUG org.springframework.beans.factory.support.DefaultListableBeanFactory  - Creating shared instance of singleton bean 'org.springframework.aop.aspectj.AspectJPointcutAdvisor#1'
[main] DEBUG org.springframework.beans.factory.support.DefaultListableBeanFactory  - Creating shared instance of singleton bean 'org.springframework.aop.aspectj.AspectJPointcutAdvisor#2'
[main] DEBUG org.springframework.beans.factory.support.DefaultListableBeanFactory  - Creating shared instance of singleton bean 'org.springframework.aop.aspectj.AspectJPointcutAdvisor#3'
[main] DEBUG org.springframework.beans.factory.support.DefaultListableBeanFactory  - Creating shared instance of singleton bean 'org.springframework.aop.aspectj.AspectJPointcutAdvisor#4'
[main] DEBUG org.springframework.beans.factory.support.DefaultListableBeanFactory  - Creating shared instance of singleton bean 'loggingAspect'
[main] DEBUG org.springframework.beans.factory.support.DefaultListableBeanFactory  - Creating shared instance of singleton bean 'customer'
[main] DEBUG org.springframework.beans.factory.support.DefaultListableBeanFactory  - Creating shared instance of singleton bean 'customer2'
[main] DEBUG org.springframework.beans.factory.support.DefaultListableBeanFactory  - Creating shared instance of singleton bean 'benchmarkAspect'
[main] INFO  pl.oremczuk.aop.LoggingAspect  - Method has been executed
[main] ERROR pl.oremczuk.aop.LoggingAspect  - Exception: Customer cannot be null
[main] INFO  pl.oremczuk.aop.LoggingAspect  - Method has been executed
[main] DEBUG org.springframework.context.support.ClassPathXmlApplicationContext  - Refreshing org.springframework.context.support.ClassPathXmlApplicationContext@3ecd23d9
[main] DEBUG org.springframework.beans.factory.xml.XmlBeanDefinitionReader  - Loaded 13 bean definitions from class path resource [context.xml]
[main] DEBUG org.springframework.beans.factory.support.DefaultListableBeanFactory  - Creating shared instance of singleton bean 'org.springframework.aop.config.internalAutoProxyCreator'
[main] DEBUG org.springframework.beans.factory.support.DefaultListableBeanFactory  - Creating shared instance of singleton bean 'customerRepository'
[main] DEBUG org.springframework.beans.factory.support.DefaultListableBeanFactory  - Creating shared instance of singleton bean 'org.springframework.aop.aspectj.AspectJPointcutAdvisor#0'
[main] DEBUG org.springframework.beans.factory.support.DefaultListableBeanFactory  - Creating shared instance of singleton bean 'org.springframework.aop.aspectj.AspectJPointcutAdvisor#1'
[main] DEBUG org.springframework.beans.factory.support.DefaultListableBeanFactory  - Creating shared instance of singleton bean 'org.springframework.aop.aspectj.AspectJPointcutAdvisor#2'
[main] DEBUG org.springframework.beans.factory.support.DefaultListableBeanFactory  - Creating shared instance of singleton bean 'org.springframework.aop.aspectj.AspectJPointcutAdvisor#3'
[main] DEBUG org.springframework.beans.factory.support.DefaultListableBeanFactory  - Creating shared instance of singleton bean 'org.springframework.aop.aspectj.AspectJPointcutAdvisor#4'
[main] DEBUG org.springframework.beans.factory.support.DefaultListableBeanFactory  - Creating shared instance of singleton bean 'loggingAspect'
[main] DEBUG org.springframework.beans.factory.support.DefaultListableBeanFactory  - Creating shared instance of singleton bean 'customer'
[main] DEBUG org.springframework.beans.factory.support.DefaultListableBeanFactory  - Creating shared instance of singleton bean 'customer2'
[main] DEBUG org.springframework.beans.factory.support.DefaultListableBeanFactory  - Creating shared instance of singleton bean 'benchmarkAspect'
[main] INFO  pl.oremczuk.aop.LoggingAspect  - Method has been executed
[main] ERROR pl.oremczuk.aop.LoggingAspect  - Exception: Customer cannot be null
[main] INFO  pl.oremczuk.aop.LoggingAspect  - Method has been executed
[main] DEBUG org.springframework.context.support.ClassPathXmlApplicationContext  - Refreshing org.springframework.context.support.ClassPathXmlApplicationContext@3ecd23d9
[main] DEBUG org.springframework.beans.factory.xml.XmlBeanDefinitionReader  - Loaded 13 bean definitions from class path resource [context.xml]
[main] DEBUG org.springframework.beans.factory.support.DefaultListableBeanFactory  - Creating shared instance of singleton bean 'org.springframework.aop.config.internalAutoProxyCreator'
[main] DEBUG org.springframework.beans.factory.support.DefaultListableBeanFactory  - Creating shared instance of singleton bean 'customerRepository'
[main] DEBUG org.springframework.beans.factory.support.DefaultListableBeanFactory  - Creating shared instance of singleton bean 'org.springframework.aop.aspectj.AspectJPointcutAdvisor#0'
[main] DEBUG org.springframework.beans.factory.support.DefaultListableBeanFactory  - Creating shared instance of singleton bean 'org.springframework.aop.aspectj.AspectJPointcutAdvisor#1'
[main] DEBUG org.springframework.beans.factory.support.DefaultListableBeanFactory  - Creating shared instance of singleton bean 'org.springframework.aop.aspectj.AspectJPointcutAdvisor#2'
[main] DEBUG org.springframework.beans.factory.support.DefaultListableBeanFactory  - Creating shared instance of singleton bean 'org.springframework.aop.aspectj.AspectJPointcutAdvisor#3'
[main] DEBUG org.springframework.beans.factory.support.DefaultListableBeanFactory  - Creating shared instance of singleton bean 'org.springframework.aop.aspectj.AspectJPointcutAdvisor#4'
[main] DEBUG org.springframework.beans.factory.support.DefaultListableBeanFactory  - Creating shared instance of singleton bean 'loggingAspect'
[main] DEBUG org.springframework.beans.factory.support.DefaultListableBeanFactory  - Creating shared instance of singleton bean 'customer'
[main] DEBUG org.springframework.beans.factory.support.DefaultListableBeanFactory  - Creating shared instance of singleton bean 'customer2'
[main] DEBUG org.springframework.beans.factory.support.DefaultListableBeanFactory  - Creating shared instance of singleton bean 'benchmarkAspect'
[main] INFO  pl.oremczuk.aop.BenchmarkAspect  - Execution time: 594500ns
[main] INFO  pl.oremczuk.aop.LoggingAspect  - Method has been executed
[main] INFO  pl.oremczuk.aop.BenchmarkAspect  - Execution time: 221100ns
[main] INFO  pl.oremczuk.aop.LoggingAspect  - Method has been executed
[main] DEBUG org.springframework.context.support.ClassPathXmlApplicationContext  - Refreshing org.springframework.context.support.ClassPathXmlApplicationContext@3ecd23d9
[main] DEBUG org.springframework.beans.factory.xml.XmlBeanDefinitionReader  - Loaded 13 bean definitions from class path resource [context.xml]
[main] DEBUG org.springframework.beans.factory.support.DefaultListableBeanFactory  - Creating shared instance of singleton bean 'org.springframework.aop.config.internalAutoProxyCreator'
[main] DEBUG org.springframework.beans.factory.support.DefaultListableBeanFactory  - Creating shared instance of singleton bean 'customerRepository'
[main] DEBUG org.springframework.beans.factory.support.DefaultListableBeanFactory  - Creating shared instance of singleton bean 'org.springframework.aop.aspectj.AspectJPointcutAdvisor#0'
[main] DEBUG org.springframework.beans.factory.support.DefaultListableBeanFactory  - Creating shared instance of singleton bean 'org.springframework.aop.aspectj.AspectJPointcutAdvisor#1'
[main] DEBUG org.springframework.beans.factory.support.DefaultListableBeanFactory  - Creating shared instance of singleton bean 'org.springframework.aop.aspectj.AspectJPointcutAdvisor#2'
[main] DEBUG org.springframework.beans.factory.support.DefaultListableBeanFactory  - Creating shared instance of singleton bean 'org.springframework.aop.aspectj.AspectJPointcutAdvisor#3'
[main] DEBUG org.springframework.beans.factory.support.DefaultListableBeanFactory  - Creating shared instance of singleton bean 'org.springframework.aop.aspectj.AspectJPointcutAdvisor#4'
[main] DEBUG org.springframework.beans.factory.support.DefaultListableBeanFactory  - Creating shared instance of singleton bean 'loggingAspect'
[main] DEBUG org.springframework.beans.factory.support.DefaultListableBeanFactory  - Creating shared instance of singleton bean 'customer'
[main] DEBUG org.springframework.beans.factory.support.DefaultListableBeanFactory  - Creating shared instance of singleton bean 'customer2'
[main] DEBUG org.springframework.beans.factory.support.DefaultListableBeanFactory  - Creating shared instance of singleton bean 'benchmarkAspect'
[main] INFO  pl.oremczuk.aop.BenchmarkAspect  - Execution time: 397900ns
[main] INFO  pl.oremczuk.aop.LoggingAspect  - Method has been executed
[main] INFO  pl.oremczuk.aop.BenchmarkAspect  - Execution time: 107000ns
[main] INFO  pl.oremczuk.aop.LoggingAspect  - Method has been executed
[main] DEBUG org.springframework.context.support.ClassPathXmlApplicationContext  - Refreshing org.springframework.context.support.ClassPathXmlApplicationContext@7a187f14
[main] DEBUG org.springframework.beans.factory.xml.XmlBeanDefinitionReader  - Loaded 13 bean definitions from class path resource [context.xml]
[main] DEBUG org.springframework.beans.factory.support.DefaultListableBeanFactory  - Creating shared instance of singleton bean 'org.springframework.aop.config.internalAutoProxyCreator'
[main] DEBUG org.springframework.beans.factory.support.DefaultListableBeanFactory  - Creating shared instance of singleton bean 'customerRepository'
[main] DEBUG org.springframework.beans.factory.support.DefaultListableBeanFactory  - Creating shared instance of singleton bean 'org.springframework.aop.aspectj.AspectJPointcutAdvisor#0'
[main] DEBUG org.springframework.beans.factory.support.DefaultListableBeanFactory  - Creating shared instance of singleton bean 'org.springframework.aop.aspectj.AspectJPointcutAdvisor#1'
[main] DEBUG org.springframework.beans.factory.support.DefaultListableBeanFactory  - Creating shared instance of singleton bean 'org.springframework.aop.aspectj.AspectJPointcutAdvisor#2'
[main] DEBUG org.springframework.beans.factory.support.DefaultListableBeanFactory  - Creating shared instance of singleton bean 'org.springframework.aop.aspectj.AspectJPointcutAdvisor#3'
[main] DEBUG org.springframework.beans.factory.support.DefaultListableBeanFactory  - Creating shared instance of singleton bean 'org.springframework.aop.aspectj.AspectJPointcutAdvisor#4'
[main] DEBUG org.springframework.beans.factory.support.DefaultListableBeanFactory  - Creating shared instance of singleton bean 'loggingAspect'
[main] DEBUG org.springframework.beans.factory.support.DefaultListableBeanFactory  - Creating shared instance of singleton bean 'customer'
[main] DEBUG org.springframework.beans.factory.support.DefaultListableBeanFactory  - Creating shared instance of singleton bean 'customer2'
[main] DEBUG org.springframework.beans.factory.support.DefaultListableBeanFactory  - Creating shared instance of singleton bean 'benchmarkAspect'
[main] INFO  pl.oremczuk.aop.BenchmarkAspect  - Execution time: 371000ns
[main] INFO  pl.oremczuk.aop.LoggingAspect  - Method has been executed
[main] INFO  pl.oremczuk.aop.BenchmarkAspect  - Execution time: 125500ns
[main] INFO  pl.oremczuk.aop.LoggingAspect  - Method has been executed
[main] DEBUG org.springframework.context.support.ClassPathXmlApplicationContext  - Refreshing org.springframework.context.support.ClassPathXmlApplicationContext@3ecd23d9
[main] DEBUG org.springframework.beans.factory.xml.XmlBeanDefinitionReader  - Loaded 13 bean definitions from class path resource [context.xml]
[main] DEBUG org.springframework.beans.factory.support.DefaultListableBeanFactory  - Creating shared instance of singleton bean 'org.springframework.aop.config.internalAutoProxyCreator'
[main] DEBUG org.springframework.beans.factory.support.DefaultListableBeanFactory  - Creating shared instance of singleton bean 'customerRepository'
[main] DEBUG org.springframework.beans.factory.support.DefaultListableBeanFactory  - Creating shared instance of singleton bean 'org.springframework.aop.aspectj.AspectJPointcutAdvisor#0'
[main] DEBUG org.springframework.beans.factory.support.DefaultListableBeanFactory  - Creating shared instance of singleton bean 'org.springframework.aop.aspectj.AspectJPointcutAdvisor#1'
[main] DEBUG org.springframework.beans.factory.support.DefaultListableBeanFactory  - Creating shared instance of singleton bean 'org.springframework.aop.aspectj.AspectJPointcutAdvisor#2'
[main] DEBUG org.springframework.beans.factory.support.DefaultListableBeanFactory  - Creating shared instance of singleton bean 'org.springframework.aop.aspectj.AspectJPointcutAdvisor#3'
[main] DEBUG org.springframework.beans.factory.support.DefaultListableBeanFactory  - Creating shared instance of singleton bean 'org.springframework.aop.aspectj.AspectJPointcutAdvisor#4'
[main] DEBUG org.springframework.beans.factory.support.DefaultListableBeanFactory  - Creating shared instance of singleton bean 'loggingAspect'
[main] DEBUG org.springframework.beans.factory.support.DefaultListableBeanFactory  - Creating shared instance of singleton bean 'customer'
[main] DEBUG org.springframework.beans.factory.support.DefaultListableBeanFactory  - Creating shared instance of singleton bean 'customer2'
[main] DEBUG org.springframework.beans.factory.support.DefaultListableBeanFactory  - Creating shared instance of singleton bean 'benchmarkAspect'
[main] INFO  pl.oremczuk.aop.BenchmarkAspect  - Execution time: 387100ns
[main] INFO  pl.oremczuk.aop.LoggingAspect  - Method has been executed
[main] INFO  pl.oremczuk.aop.BenchmarkAspect  - Execution time: 151700ns
[main] INFO  pl.oremczuk.aop.LoggingAspect  - Method has been executed
